<?xml version="1.0" encoding="UTF-8"?>
<!-- Generated by org.testng.reporters.JUnitReportReporter -->
<testsuite hostname="DESKTOP-IRQCGCA" failures="0" tests="1" name="runner_classes.TestCukesRunner" time="50.725" errors="0" timestamp="5 Mar 2018 15:36:27 GMT">
  <testcase classname="runner_classes.TestCukesRunner" name="run_cukes" time="50.725"/>
</testsuite> <!-- runner_classes.TestCukesRunner -->
